<?xml version="1.0" encoding="utf-8"?><testsuites><testsuite name="pytest" errors="0" failures="0" skipped="0" tests="53" time="1.720" timestamp="2024-03-24T20:46:12.321390" hostname="subroy13PC"><testcase classname="tests.test_interfaces.TestSVDResultInterface" name="test_singular_values_as_matrix" time="0.004" /><testcase classname="tests.test_interfaces.TestSVDResultInterface" name="test_singular_values_as_array" time="0.001" /><testcase classname="tests.test_interfaces.TestSVDResultInterface" name="test_singular_vectors_left" time="0.001" /><testcase classname="tests.test_interfaces.TestSVDResultInterface" name="test_singular_vectors_right" time="0.001" /><testcase classname="tests.test_interfaces.TestSVDResultInterface" name="test_singular_vectors_both" time="0.002" /><testcase classname="tests.test_interfaces.TestSVDResultInterface" name="test_convergence_metrics" time="0.002" /><testcase classname="tests.test_interfaces.TestSVDResultInterface" name="test_cumulative_variance_identity" time="0.002" /><testcase classname="tests.test_interfaces.TestSVDResultInterface" name="test_cumulative_variance_proportion" time="0.002" /><testcase classname="tests.test_interfaces.TestSVDResultInterface" name="test_estimated_rank" time="0.002" /><testcase classname="tests.test_interfaces.TestPCAResultInterface" name="test_location" time="0.001" /><testcase classname="tests.test_interfaces.TestPCAResultInterface" name="test_eigen_values_as_matrix" time="0.001" /><testcase classname="tests.test_interfaces.TestPCAResultInterface" name="test_eigen_values_as_array" time="0.001" /><testcase classname="tests.test_interfaces.TestPCAResultInterface" name="test_eigen_vectors" time="0.001" /><testcase classname="tests.test_interfaces.TestPCAResultInterface" name="test_convergence_metrics" time="0.001" /><testcase classname="tests.test_interfaces.TestPCAResultInterface" name="test_cumulative_variance_identity" time="0.002" /><testcase classname="tests.test_interfaces.TestPCAResultInterface" name="test_cumulative_variance_proportion" time="0.002" /><testcase classname="tests.test_interfaces.TestPCAResultInterface" name="test_estimated_rank" time="0.002" /><testcase classname="tests.test_interfaces.TestLSNResultInterface" name="test_singular_values_as_matrix" time="0.001" /><testcase classname="tests.test_interfaces.TestLSNResultInterface" name="test_singular_values_as_array" time="0.001" /><testcase classname="tests.test_interfaces.TestLSNResultInterface" name="test_singular_vectors_left" time="0.001" /><testcase classname="tests.test_interfaces.TestLSNResultInterface" name="test_singular_vectors_right" time="0.003" /><testcase classname="tests.test_interfaces.TestLSNResultInterface" name="test_singular_vectors_both" time="0.003" /><testcase classname="tests.test_interfaces.TestLSNResultInterface" name="test_convergence_metrics" time="0.001" /><testcase classname="tests.test_interfaces.TestLSNResultInterface" name="test_cumulative_variance_identity" time="0.001" /><testcase classname="tests.test_interfaces.TestLSNResultInterface" name="test_cumulative_variance_proportion" time="0.002" /><testcase classname="tests.test_interfaces.TestLSNResultInterface" name="test_estimated_rank" time="0.003" /><testcase classname="tests.test_interfaces.TestRankFactorizationResultInterface" name="test_singular_values_as_matrix" time="0.005" /><testcase classname="tests.test_interfaces.TestRankFactorizationResultInterface" name="test_singular_values_as_array" time="0.002" /><testcase classname="tests.test_interfaces.TestRankFactorizationResultInterface" name="test_singular_vectors_left" time="0.002" /><testcase classname="tests.test_interfaces.TestRankFactorizationResultInterface" name="test_singular_vectors_right" time="0.003" /><testcase classname="tests.test_interfaces.TestRankFactorizationResultInterface" name="test_singular_vectors_both" time="0.001" /><testcase classname="tests.test_interfaces.TestRankFactorizationResultInterface" name="test_convergence_metrics" time="0.001" /><testcase classname="tests.test_interfaces.TestRankFactorizationResultInterface" name="test_cumulative_variance_identity" time="0.002" /><testcase classname="tests.test_interfaces.TestRankFactorizationResultInterface" name="test_cumulative_variance_proportion" time="0.002" /><testcase classname="tests.test_interfaces.TestRankFactorizationResultInterface" name="test_estimated_rank" time="0.002" /><testcase classname="tests.test_matrix_factorization.TestMatrixFactorization" name="test_adm" time="0.002" /><testcase classname="tests.test_matrix_factorization.TestMatrixFactorization" name="test_alm" time="0.092" /><testcase classname="tests.test_matrix_factorization.TestMatrixFactorization" name="test_asrpca" time="0.008" /><testcase classname="tests.test_matrix_factorization.TestMatrixFactorization" name="test_dualrpca" time="0.031" /><testcase classname="tests.test_matrix_factorization.TestMatrixFactorization" name="test_ealm" time="0.036" /><testcase classname="tests.test_matrix_factorization.TestMatrixFactorization" name="test_fpcp" time="0.002" /><testcase classname="tests.test_matrix_factorization.TestMatrixFactorization" name="test_ga" time="0.002" /><testcase classname="tests.test_matrix_factorization.TestMatrixFactorization" name="test_ialm" time="0.004" /><testcase classname="tests.test_matrix_factorization.TestMatrixFactorization" name="test_l1f" time="0.002" /><testcase classname="tests.test_matrix_factorization.TestMatrixFactorization" name="test_ladmap" time="0.150" /><testcase classname="tests.test_matrix_factorization.TestMatrixFactorization" name="test_mog" time="0.185" /><testcase classname="tests.test_matrix_factorization.TestMatrixFactorization" name="test_op" time="0.014" /><testcase classname="tests.test_matrix_factorization.TestMatrixFactorization" name="test_pcp" time="0.238" /><testcase classname="tests.test_matrix_factorization.TestMatrixFactorization" name="test_reg1alm" time="0.042" /><testcase classname="tests.test_matrix_factorization.TestMatrixFactorization" name="test_rsvddpd" time="0.008" /><testcase classname="tests.test_matrix_factorization.TestMatrixFactorization" name="test_sadal" time="0.010" /><testcase classname="tests.test_matrix_factorization.TestMatrixFactorization" name="test_svt" time="0.094" /><testcase classname="tests.test_matrix_factorization.TestMatrixFactorization" name="test_vprpca" time="0.050" /></testsuite></testsuites>