<?xml version="1.0" encoding="utf-8"?><testsuites><testsuite name="pytest" errors="0" failures="0" skipped="0" tests="18" time="0.986" timestamp="2024-03-09T19:00:36.308077" hostname="penguin"><testcase classname="tests.test_interfaces.TestSVDResultInterface" name="test_singular_values_as_matrix" time="0.010" /><testcase classname="tests.test_interfaces.TestSVDResultInterface" name="test_singular_values_as_array" time="0.002" /><testcase classname="tests.test_interfaces.TestSVDResultInterface" name="test_singular_vectors_left" time="0.003" /><testcase classname="tests.test_interfaces.TestSVDResultInterface" name="test_singular_vectors_right" time="0.004" /><testcase classname="tests.test_interfaces.TestSVDResultInterface" name="test_singular_vectors_both" time="0.003" /><testcase classname="tests.test_interfaces.TestSVDResultInterface" name="test_convergence_metrics" time="0.003" /><testcase classname="tests.test_interfaces.TestSVDResultInterface" name="test_cumulative_variance_identity" time="0.004" /><testcase classname="tests.test_interfaces.TestSVDResultInterface" name="test_cumulative_variance_proportion" time="0.003" /><testcase classname="tests.test_interfaces.TestSVDResultInterface" name="test_estimated_rank" time="0.007" /><testcase classname="tests.test_interfaces.TestPCAResultInterface" name="test_location" time="0.003" /><testcase classname="tests.test_interfaces.TestPCAResultInterface" name="test_eigen_values_as_matrix" time="0.004" /><testcase classname="tests.test_interfaces.TestPCAResultInterface" name="test_eigen_values_as_array" time="0.004" /><testcase classname="tests.test_interfaces.TestPCAResultInterface" name="test_eigen_vectors" time="0.002" /><testcase classname="tests.test_interfaces.TestPCAResultInterface" name="test_convergence_metrics" time="0.005" /><testcase classname="tests.test_interfaces.TestPCAResultInterface" name="test_cumulative_variance_identity" time="0.002" /><testcase classname="tests.test_interfaces.TestPCAResultInterface" name="test_cumulative_variance_proportion" time="0.003" /><testcase classname="tests.test_interfaces.TestPCAResultInterface" name="test_estimated_rank" time="0.009" /><testcase classname="tests.test_matrix_factorization.TestMatrixFactorization" name="test_rsvddpd" time="0.035" /></testsuite></testsuites>